<?xml version="1.0" encoding="UTF-8"?>
<!-- Generated by org.testng.reporters.JUnitReportReporter -->
<testsuite hostname="DESKTOP-OG4BNK5" failures="0" tests="1" name="TestCases.TC_LogOut" time="31.640" errors="0" timestamp="2024-05-29T16:10:17 IST" skipped="0">
  <testcase classname="TestCases.TC_LogOut" name="logout" time="31.640"/>
</testsuite> <!-- TestCases.TC_LogOut -->
