<?xml version="1.0" encoding="UTF-8"?>
<!-- Generated by org.testng.reporters.JUnitReportReporter -->
<testsuite hostname="DESKTOP-OG4BNK5" failures="0" tests="3" name="TestCases.TC_Login" time="34.405" errors="0" timestamp="2024-05-28T16:39:52 IST" skipped="0">
  <testcase classname="TestCases.TC_Login" name="login_with_valid_inputs" time="14.491"/>
  <testcase classname="TestCases.TC_Login" name="login_with_Invalid_inputs" time="11.189"/>
  <testcase classname="TestCases.TC_Login" name="login_with_empty_inputs" time="8.725"/>
</testsuite> <!-- TestCases.TC_Login -->
