<?xml version="1.0" encoding="UTF-8"?>
<!-- Generated by org.testng.reporters.JUnitReportReporter -->
<testsuite hostname="DESKTOP-OG4BNK5" failures="0" tests="5" name="TestCases.TC_HomePage" time="63.806" errors="0" timestamp="2024-05-30T15:51:46 IST" skipped="0">
  <testcase classname="TestCases.TC_HomePage" name="homepage_myaccount" time="12.559"/>
  <testcase classname="TestCases.TC_HomePage" name="homepage_myorders" time="13.549"/>
  <testcase classname="TestCases.TC_HomePage" name="homepage_mydownloadableproducts" time="12.932"/>
  <testcase classname="TestCases.TC_HomePage" name="homepage_Mywishlist" time="13.979"/>
  <testcase classname="TestCases.TC_HomePage" name="homepage_search" time="10.787"/>
</testsuite> <!-- TestCases.TC_HomePage -->
